\BOOKMARK [0][-]{chapter.1}{\376\377\0001\000\040\000T\000o\000p\000i\000c\000\040\000I\000n\000d\000e\000x}{}% 1
\BOOKMARK [1][-]{section.1.1}{\376\377\0001\000.\0001\000\040\000T\000o\000p\000i\000c\000s}{chapter.1}% 2
\BOOKMARK [0][-]{chapter.2}{\376\377\0002\000\040\000F\000i\000l\000e\000\040\000I\000n\000d\000e\000x}{}% 3
\BOOKMARK [1][-]{section.2.1}{\376\377\0002\000.\0001\000\040\000F\000i\000l\000e\000\040\000L\000i\000s\000t}{chapter.2}% 4
\BOOKMARK [0][-]{chapter.3}{\376\377\0003\000\040\000T\000o\000p\000i\000c\000\040\000D\000o\000c\000u\000m\000e\000n\000t\000a\000t\000i\000o\000n}{}% 5
\BOOKMARK [1][-]{section.3.1}{\376\377\0003\000.\0001\000\040\000C\000M\000S\000I\000S}{chapter.3}% 6
\BOOKMARK [2][-]{subsection.3.1.1}{\376\377\0003\000.\0001\000.\0001\000\040\000D\000e\000t\000a\000i\000l\000e\000d\000\040\000D\000e\000s\000c\000r\000i\000p\000t\000i\000o\000n}{section.3.1}% 7
\BOOKMARK [2][-]{subsection.3.1.2}{\376\377\0003\000.\0001\000.\0002\000\040\000S\000t\000m\0003\0002\000g\0004\000x\000x\000\137\000s\000y\000s\000t\000e\000m}{section.3.1}% 8
\BOOKMARK [3][-]{subsubsection.3.1.2.1}{\376\377\0003\000.\0001\000.\0002\000.\0001\000\040\000D\000e\000t\000a\000i\000l\000e\000d\000\040\000D\000e\000s\000c\000r\000i\000p\000t\000i\000o\000n}{subsection.3.1.2}% 9
\BOOKMARK [3][-]{subsubsection.3.1.2.2}{\376\377\0003\000.\0001\000.\0002\000.\0002\000\040\000S\000T\000M\0003\0002\000G\0004\000x\000x\000\137\000S\000y\000s\000t\000e\000m\000\137\000P\000r\000i\000v\000a\000t\000e\000\137\000I\000n\000c\000l\000u\000d\000e\000s}{subsection.3.1.2}% 10
\BOOKMARK [3][-]{subsubsection.3.1.2.3}{\376\377\0003\000.\0001\000.\0002\000.\0003\000\040\000S\000T\000M\0003\0002\000G\0004\000x\000x\000\137\000S\000y\000s\000t\000e\000m\000\137\000P\000r\000i\000v\000a\000t\000e\000\137\000T\000y\000p\000e\000s\000D\000e\000f\000i\000n\000i\000t\000i\000o\000n\000s}{subsection.3.1.2}% 11
\BOOKMARK [3][-]{subsubsection.3.1.2.4}{\376\377\0003\000.\0001\000.\0002\000.\0004\000\040\000S\000T\000M\0003\0002\000G\0004\000x\000x\000\137\000S\000y\000s\000t\000e\000m\000\137\000P\000r\000i\000v\000a\000t\000e\000\137\000D\000e\000f\000i\000n\000e\000s}{subsection.3.1.2}% 12
\BOOKMARK [3][-]{subsubsection.3.1.2.5}{\376\377\0003\000.\0001\000.\0002\000.\0005\000\040\000S\000T\000M\0003\0002\000G\0004\000x\000x\000\137\000S\000y\000s\000t\000e\000m\000\137\000P\000r\000i\000v\000a\000t\000e\000\137\000M\000a\000c\000r\000o\000s}{subsection.3.1.2}% 13
\BOOKMARK [3][-]{subsubsection.3.1.2.6}{\376\377\0003\000.\0001\000.\0002\000.\0006\000\040\000S\000T\000M\0003\0002\000G\0004\000x\000x\000\137\000S\000y\000s\000t\000e\000m\000\137\000P\000r\000i\000v\000a\000t\000e\000\137\000V\000a\000r\000i\000a\000b\000l\000e\000s}{subsection.3.1.2}% 14
\BOOKMARK [3][-]{subsubsection.3.1.2.7}{\376\377\0003\000.\0001\000.\0002\000.\0007\000\040\000S\000T\000M\0003\0002\000G\0004\000x\000x\000\137\000S\000y\000s\000t\000e\000m\000\137\000P\000r\000i\000v\000a\000t\000e\000\137\000F\000u\000n\000c\000t\000i\000o\000n\000P\000r\000o\000t\000o\000t\000y\000p\000e\000s}{subsection.3.1.2}% 15
\BOOKMARK [3][-]{subsubsection.3.1.2.8}{\376\377\0003\000.\0001\000.\0002\000.\0008\000\040\000S\000T\000M\0003\0002\000G\0004\000x\000x\000\137\000S\000y\000s\000t\000e\000m\000\137\000P\000r\000i\000v\000a\000t\000e\000\137\000F\000u\000n\000c\000t\000i\000o\000n\000s}{subsection.3.1.2}% 16
\BOOKMARK [0][-]{chapter.4}{\376\377\0004\000\040\000F\000i\000l\000e\000\040\000D\000o\000c\000u\000m\000e\000n\000t\000a\000t\000i\000o\000n}{}% 17
\BOOKMARK [1][-]{section.4.1}{\376\377\0004\000.\0001\000\040\000C\000:\000/\000U\000s\000e\000r\000s\000/\000u\000n\000a\000i\000.\000m\000a\000r\000t\000i\000/\000M\000I\000S\000\040\000C\000O\000S\000A\000S\000/\000R\000E\000P\000O\000S\000/\000D\000o\000x\000y\000/\000D\000o\000x\000y\000/\000C\000o\000r\000e\000/\000S\000r\000c\000/\000m\000a\000i\000n\000.\000c\000\040\000F\000i\000l\000e\000\040\000R\000e\000f\000e\000r\000e\000n\000c\000e}{chapter.4}% 18
\BOOKMARK [2][-]{subsection.4.1.1}{\376\377\0004\000.\0001\000.\0001\000\040\000D\000e\000t\000a\000i\000l\000e\000d\000\040\000D\000e\000s\000c\000r\000i\000p\000t\000i\000o\000n}{section.4.1}% 19
\BOOKMARK [2][-]{subsection.4.1.2}{\376\377\0004\000.\0001\000.\0002\000\040\000F\000u\000n\000c\000t\000i\000o\000n\000\040\000D\000o\000c\000u\000m\000e\000n\000t\000a\000t\000i\000o\000n}{section.4.1}% 20
\BOOKMARK [3][-]{subsubsection.4.1.2.1}{\376\377\0004\000.\0001\000.\0002\000.\0001\000\040\000E\000r\000r\000o\000r\000\137\000H\000a\000n\000d\000l\000e\000r\000\050\000\051}{subsection.4.1.2}% 21
\BOOKMARK [3][-]{subsubsection.4.1.2.2}{\376\377\0004\000.\0001\000.\0002\000.\0002\000\040\000m\000a\000i\000n\000\050\000\051}{subsection.4.1.2}% 22
\BOOKMARK [3][-]{subsubsection.4.1.2.3}{\376\377\0004\000.\0001\000.\0002\000.\0003\000\040\000S\000y\000s\000t\000e\000m\000C\000l\000o\000c\000k\000\137\000C\000o\000n\000f\000i\000g\000\050\000\051}{subsection.4.1.2}% 23
\BOOKMARK [1][-]{section.4.2}{\376\377\0004\000.\0002\000\040\000C\000:\000/\000U\000s\000e\000r\000s\000/\000u\000n\000a\000i\000.\000m\000a\000r\000t\000i\000/\000M\000I\000S\000\040\000C\000O\000S\000A\000S\000/\000R\000E\000P\000O\000S\000/\000D\000o\000x\000y\000/\000D\000o\000x\000y\000/\000C\000o\000r\000e\000/\000S\000r\000c\000/\000s\000t\000m\0003\0002\000g\0004\000x\000x\000\137\000h\000a\000l\000\137\000m\000s\000p\000.\000c\000\040\000F\000i\000l\000e\000\040\000R\000e\000f\000e\000r\000e\000n\000c\000e}{chapter.4}% 24
\BOOKMARK [2][-]{subsection.4.2.1}{\376\377\0004\000.\0002\000.\0001\000\040\000D\000e\000t\000a\000i\000l\000e\000d\000\040\000D\000e\000s\000c\000r\000i\000p\000t\000i\000o\000n}{section.4.2}% 25
\BOOKMARK [2][-]{subsection.4.2.2}{\376\377\0004\000.\0002\000.\0002\000\040\000F\000u\000n\000c\000t\000i\000o\000n\000\040\000D\000o\000c\000u\000m\000e\000n\000t\000a\000t\000i\000o\000n}{section.4.2}% 26
\BOOKMARK [3][-]{subsubsection.4.2.2.1}{\376\377\0004\000.\0002\000.\0002\000.\0001\000\040\000H\000A\000L\000\137\000M\000s\000p\000I\000n\000i\000t\000\050\000\051}{subsection.4.2.2}% 27
\BOOKMARK [3][-]{subsubsection.4.2.2.2}{\376\377\0004\000.\0002\000.\0002\000.\0002\000\040\000H\000A\000L\000\137\000U\000A\000R\000T\000\137\000M\000s\000p\000D\000e\000I\000n\000i\000t\000\050\000\051}{subsection.4.2.2}% 28
\BOOKMARK [3][-]{subsubsection.4.2.2.3}{\376\377\0004\000.\0002\000.\0002\000.\0003\000\040\000H\000A\000L\000\137\000U\000A\000R\000T\000\137\000M\000s\000p\000I\000n\000i\000t\000\050\000\051}{subsection.4.2.2}% 29
\BOOKMARK [1][-]{section.4.3}{\376\377\0004\000.\0003\000\040\000C\000:\000/\000U\000s\000e\000r\000s\000/\000u\000n\000a\000i\000.\000m\000a\000r\000t\000i\000/\000M\000I\000S\000\040\000C\000O\000S\000A\000S\000/\000R\000E\000P\000O\000S\000/\000D\000o\000x\000y\000/\000D\000o\000x\000y\000/\000C\000o\000r\000e\000/\000S\000r\000c\000/\000s\000t\000m\0003\0002\000g\0004\000x\000x\000\137\000i\000t\000.\000c\000\040\000F\000i\000l\000e\000\040\000R\000e\000f\000e\000r\000e\000n\000c\000e}{chapter.4}% 30
\BOOKMARK [2][-]{subsection.4.3.1}{\376\377\0004\000.\0003\000.\0001\000\040\000D\000e\000t\000a\000i\000l\000e\000d\000\040\000D\000e\000s\000c\000r\000i\000p\000t\000i\000o\000n}{section.4.3}% 31
\BOOKMARK [1][-]{section.4.4}{\376\377\0004\000.\0004\000\040\000C\000:\000/\000U\000s\000e\000r\000s\000/\000u\000n\000a\000i\000.\000m\000a\000r\000t\000i\000/\000M\000I\000S\000\040\000C\000O\000S\000A\000S\000/\000R\000E\000P\000O\000S\000/\000D\000o\000x\000y\000/\000D\000o\000x\000y\000/\000C\000o\000r\000e\000/\000S\000r\000c\000/\000s\000y\000s\000c\000a\000l\000l\000s\000.\000c\000\040\000F\000i\000l\000e\000\040\000R\000e\000f\000e\000r\000e\000n\000c\000e}{chapter.4}% 32
\BOOKMARK [2][-]{subsection.4.4.1}{\376\377\0004\000.\0004\000.\0001\000\040\000D\000e\000t\000a\000i\000l\000e\000d\000\040\000D\000e\000s\000c\000r\000i\000p\000t\000i\000o\000n}{section.4.4}% 33
\BOOKMARK [1][-]{section.4.5}{\376\377\0004\000.\0005\000\040\000C\000:\000/\000U\000s\000e\000r\000s\000/\000u\000n\000a\000i\000.\000m\000a\000r\000t\000i\000/\000M\000I\000S\000\040\000C\000O\000S\000A\000S\000/\000R\000E\000P\000O\000S\000/\000D\000o\000x\000y\000/\000D\000o\000x\000y\000/\000C\000o\000r\000e\000/\000S\000r\000c\000/\000s\000y\000s\000m\000e\000m\000.\000c\000\040\000F\000i\000l\000e\000\040\000R\000e\000f\000e\000r\000e\000n\000c\000e}{chapter.4}% 34
\BOOKMARK [2][-]{subsection.4.5.1}{\376\377\0004\000.\0005\000.\0001\000\040\000D\000e\000t\000a\000i\000l\000e\000d\000\040\000D\000e\000s\000c\000r\000i\000p\000t\000i\000o\000n}{section.4.5}% 35
\BOOKMARK [2][-]{subsection.4.5.2}{\376\377\0004\000.\0005\000.\0002\000\040\000F\000u\000n\000c\000t\000i\000o\000n\000\040\000D\000o\000c\000u\000m\000e\000n\000t\000a\000t\000i\000o\000n}{section.4.5}% 36
\BOOKMARK [3][-]{subsubsection.4.5.2.1}{\376\377\0004\000.\0005\000.\0002\000.\0001\000\040\000\137\000s\000b\000r\000k\000\050\000\051}{subsection.4.5.2}% 37
\BOOKMARK [1][-]{section.4.6}{\376\377\0004\000.\0006\000\040\000C\000:\000/\000U\000s\000e\000r\000s\000/\000u\000n\000a\000i\000.\000m\000a\000r\000t\000i\000/\000M\000I\000S\000\040\000C\000O\000S\000A\000S\000/\000R\000E\000P\000O\000S\000/\000D\000o\000x\000y\000/\000D\000o\000x\000y\000/\000C\000o\000r\000e\000/\000S\000r\000c\000/\000s\000y\000s\000t\000e\000m\000\137\000s\000t\000m\0003\0002\000g\0004\000x\000x\000.\000c\000\040\000F\000i\000l\000e\000\040\000R\000e\000f\000e\000r\000e\000n\000c\000e}{chapter.4}% 38
\BOOKMARK [2][-]{subsection.4.6.1}{\376\377\0004\000.\0006\000.\0001\000\040\000D\000e\000t\000a\000i\000l\000e\000d\000\040\000D\000e\000s\000c\000r\000i\000p\000t\000i\000o\000n}{section.4.6}% 39
\BOOKMARK [2][-]{subsection.4.6.2}{\376\377\0004\000.\0006\000.\0002\000\040\000T\000h\000i\000s\000\040\000f\000i\000l\000e\000\040\000c\000o\000n\000f\000i\000g\000u\000r\000e\000s\000\040\000t\000h\000e\000\040\000s\000y\000s\000t\000e\000m\000\040\000c\000l\000o\000c\000k\000\040\000a\000s\000\040\000f\000o\000l\000l\000o\000w\000s\000:}{section.4.6}% 40
\BOOKMARK [3][-]{subsubsection.4.6.2.1}{\376\377\0004\000.\0006\000.\0002\000.\0001\000\040\000S\000y\000s\000t\000e\000m\000\040\000C\000l\000o\000c\000k\000\040\000s\000o\000u\000r\000c\000e\000\040\000|\000\040\000H\000S\000I}{subsection.4.6.2}% 41
\BOOKMARK [3][-]{subsubsection.4.6.2.2}{\376\377\0004\000.\0006\000.\0002\000.\0002\000\040\000S\000Y\000S\000C\000L\000K\000\050\000H\000z\000\051\000\040\000|\000\040\0001\0006\0000\0000\0000\0000\0000\0000}{subsection.4.6.2}% 42
\BOOKMARK [3][-]{subsubsection.4.6.2.3}{\376\377\0004\000.\0006\000.\0002\000.\0003\000\040\000H\000C\000L\000K\000\050\000H\000z\000\051\000\040\000|\000\040\0001\0006\0000\0000\0000\0000\0000\0000}{subsection.4.6.2}% 43
\BOOKMARK [3][-]{subsubsection.4.6.2.4}{\376\377\0004\000.\0006\000.\0002\000.\0004\000\040\000A\000H\000B\000\040\000P\000r\000e\000s\000c\000a\000l\000e\000r\000\040\000|\000\040\0001}{subsection.4.6.2}% 44
\BOOKMARK [3][-]{subsubsection.4.6.2.5}{\376\377\0004\000.\0006\000.\0002\000.\0005\000\040\000A\000P\000B\0001\000\040\000P\000r\000e\000s\000c\000a\000l\000e\000r\000\040\000|\000\040\0001}{subsection.4.6.2}% 45
\BOOKMARK [3][-]{subsubsection.4.6.2.6}{\376\377\0004\000.\0006\000.\0002\000.\0006\000\040\000A\000P\000B\0002\000\040\000P\000r\000e\000s\000c\000a\000l\000e\000r\000\040\000|\000\040\0001}{subsection.4.6.2}% 46
\BOOKMARK [3][-]{subsubsection.4.6.2.7}{\376\377\0004\000.\0006\000.\0002\000.\0007\000\040\000P\000L\000L\000\137\000M\000\040\000|\000\040\0001}{subsection.4.6.2}% 47
\BOOKMARK [3][-]{subsubsection.4.6.2.8}{\376\377\0004\000.\0006\000.\0002\000.\0008\000\040\000P\000L\000L\000\137\000N\000\040\000|\000\040\0001\0006}{subsection.4.6.2}% 48
\BOOKMARK [3][-]{subsubsection.4.6.2.9}{\376\377\0004\000.\0006\000.\0002\000.\0009\000\040\000P\000L\000L\000\137\000P\000\040\000|\000\040\0007}{subsection.4.6.2}% 49
\BOOKMARK [3][-]{subsubsection.4.6.2.10}{\376\377\0004\000.\0006\000.\0002\000.\0001\0000\000\040\000P\000L\000L\000\137\000Q\000\040\000|\000\040\0002}{subsection.4.6.2}% 50
\BOOKMARK [3][-]{subsubsection.4.6.2.11}{\376\377\0004\000.\0006\000.\0002\000.\0001\0001\000\040\000P\000L\000L\000\137\000R\000\040\000|\000\040\0002}{subsection.4.6.2}% 51
\BOOKMARK [3][-]{subsubsection.4.6.2.12}{\376\377\0004\000.\0006\000.\0002\000.\0001\0002\000\040\000R\000e\000q\000u\000i\000r\000e\000\040\0004\0008\000M\000H\000z\000\040\000f\000o\000r\000\040\000R\000N\000G\000\040\000|\000\040\000D\000i\000s\000a\000b\000l\000e\000d}{subsection.4.6.2}% 52
\BOOKMARK [0][-]{section*.16}{\376\377\000I\000n\000d\000e\000x}{}% 53
